hackage-info-0.1.0.0: build (lib + exe)
Preprocessing library hackage-info-0.1.0.0...
In-place registering hackage-info-0.1.0.0...
Preprocessing executable 'hackage-graph' for hackage-info-0.1.0.0...
Preprocessing executable 'hackage-info' for hackage-info-0.1.0.0...
hackage-info-0.1.0.0: haddock
Running Haddock for hackage-info-0.1.0.0...
Running hscolour for hackage-info-0.1.0.0...
Preprocessing library hackage-info-0.1.0.0...
Preprocessing executable 'hackage-info' for hackage-info-0.1.0.0...
Preprocessing executable 'hackage-graph' for hackage-info-0.1.0.0...
Preprocessing library hackage-info-0.1.0.0...
Warning: The documentation for the following packages are not installed. No
links will be generated to these packages: transformers-compat-0.4.0.4
Haddock coverage:
   0% (  0 / 22) in 'Data.Repo'
  Missing documentation for:
    Module header
    Date (src/Data/Repo.hs:12)
     (src/Data/Repo.hs:18)
     (src/Data/Repo.hs:22)
     (src/Data/Repo.hs:23)
    Repo (src/Data/Repo.hs:26)
    blankRepo (src/Data/Repo.hs:40)
     (src/Data/Repo.hs:44)
    watchers_count (src/Data/Repo.hs:60)
    watchers (src/Data/Repo.hs:60)
    updated_at (src/Data/Repo.hs:60)
    subscribers_count (src/Data/Repo.hs:60)
    stargazers_count (src/Data/Repo.hs:60)
    size (src/Data/Repo.hs:60)
    pushed_at (src/Data/Repo.hs:60)
    open_issues_count (src/Data/Repo.hs:60)
    network_count (src/Data/Repo.hs:60)
    language (src/Data/Repo.hs:60)
    forks_count (src/Data/Repo.hs:60)
    created_at (src/Data/Repo.hs:60)
     (src/Data/Repo.hs:62)
     (src/Data/Repo.hs:63)
  95% ( 19 / 20) in 'Parse'
  Missing documentation for:
    Module header
  29% (  4 / 14) in 'Package'
  Missing documentation for:
    Module header
    repo (src/Package.hs:21)
    name (src/Package.hs:21)
    github (src/Package.hs:21)
    dependencies (src/Package.hs:21)
     (src/Package.hs:23)
     (src/Package.hs:24)
    dropGithub (src/Package.hs:38)
    toPackage (src/Package.hs:41)
    parsePackages (src/Package.hs:46)
  83% (  5 /  6) in 'Mathematica'
  Missing documentation for:
    Module header
  80% (  4 /  5) in 'Process'
  Missing documentation for:
    Module header
Documentation created:
.stack-work/dist/x86_64-osx/Cabal-1.22.5.0/doc/html/hackage-info/index.html
Preprocessing executable 'hackage-info' for hackage-info-0.1.0.0...
Preprocessing executable 'hackage-graph' for hackage-info-0.1.0.0...
hackage-info-0.1.0.0: copy/register
Installing library in
/Users/michaelklein/Coding/hackage/hackage-info/.stack-work/install/x86_64-osx/lts-5.14/7.10.3/lib/x86_64-osx-ghc-7.10.3/hackage-info-0.1.0.0-DxfYeUowom8DX9oE43ETkk
Installing executable(s) in
/Users/michaelklein/Coding/hackage/hackage-info/.stack-work/install/x86_64-osx/lts-5.14/7.10.3/bin
Registering hackage-info-0.1.0.0...
Updating Haddock index for local packages in
/Users/michaelklein/Coding/hackage/hackage-info/.stack-work/install/x86_64-osx/lts-5.14/7.10.3/doc/index.html
Updating Haddock index for local packages and dependencies in
/Users/michaelklein/Coding/hackage/hackage-info/.stack-work/install/x86_64-osx/lts-5.14/7.10.3/doc/all/index.html
Haddock index for snapshot packages already up to date at:
/Users/michaelklein/.stack/snapshots/x86_64-osx/lts-5.14/7.10.3/doc/index.html
